<?xml version="1.0" encoding="UTF-8"?>
<testng-results skipped="0" failed="0" ignored="0" total="1" passed="1">
  <reporter-output>
  </reporter-output>
  <suite name="com.selenium.test.NewTest" duration-ms="183" started-at="2018-07-25T07:07:23Z" finished-at="2018-07-25T07:07:23Z">
    <groups>
    </groups>
    <test name="Command line test" duration-ms="183" started-at="2018-07-25T07:07:23Z" finished-at="2018-07-25T07:07:23Z">
      <class name="com.selenium.test.NewTest">
        <test-method status="PASS" signature="f()[pri:0, instance:com.selenium.test.NewTest@67b64c45]" name="f" duration-ms="32" started-at="2018-07-25T07:07:23Z" finished-at="2018-07-25T07:07:23Z">
          <reporter-output>
          </reporter-output>
        </test-method> <!-- f -->
      </class> <!-- com.selenium.test.NewTest -->
    </test> <!-- Command line test -->
  </suite> <!-- com.selenium.test.NewTest -->
</testng-results>
